[TRACE] [2025-02-04 14:38:10] Server: 주문 수신 서버 시작. 포트: 8081
[TRACE] [2025-02-04 14:38:10] Server: 소켓 생성 성공. 소켓 번호: 4
[TRACE] [2025-02-04 14:38:10] Server: 클라이언트 연결 대기 중...
[TRACE] [2025-02-04 14:39:31] Server: 주문 수신 서버 시작. 포트: 8081
[TRACE] [2025-02-04 14:39:31] Server: 소켓 생성 성공. 소켓 번호: 4
[TRACE] [2025-02-04 14:39:31] Server: 클라이언트 연결 대기 중...
[TRACE] [2025-02-04 14:39:52] Server: 주문 수신 서버 시작. 포트: 8081
[TRACE] [2025-02-04 14:39:52] Server: 소켓 생성 성공. 소켓 번호: 4
[TRACE] [2025-02-04 14:39:52] Server: 클라이언트 연결 대기 중...
[TRACE] [2025-02-04 14:43:50] Server: 주문 수신 서버 시작. 포트: 8081
[TRACE] [2025-02-04 14:43:50] Server: 소켓 생성 성공. 소켓 번호: 4
[TRACE] [2025-02-04 14:43:50] Server: 클라이언트 연결 대기 중...
[TRACE] [2025-02-04 14:49:51] Server: 주문 수신 서버 시작. 포트: 8081
[TRACE] [2025-02-04 14:49:51] Server: 소켓 생성 성공. 소켓 번호: 4
[TRACE] [2025-02-04 14:49:51] Server: 클라이언트 연결 대기 중...
[TRACE] [2025-02-04 14:51:22] Server: 주문 수신 서버 시작. 포트: 8081
[TRACE] [2025-02-04 14:51:22] Server: 소켓 생성 성공. 소켓 번호: 4
[TRACE] [2025-02-04 14:51:22] Server: 클라이언트 연결 대기 중...
[TRACE] [2025-02-04 14:52:32] Server: 주문 수신 서버 시작. 포트: 8081
[TRACE] [2025-02-04 14:52:32] Server: 소켓 생성 성공. 소켓 번호: 4
[TRACE] [2025-02-04 14:52:32] Server: 클라이언트 연결 대기 중...
[TRACE] [2025-02-04 14:53:19] Server: 주문 수신 서버 시작. 포트: 8081
[TRACE] [2025-02-04 14:53:19] Server: 소켓 생성 성공. 소켓 번호: 4
[TRACE] [2025-02-04 14:53:19] Server: 클라이언트 연결 대기 중...
[TRACE] [2025-02-04 14:54:02] Server: 메시지 큐 생성 완료 (ID: 52)
[TRACE] [2025-02-04 14:54:02] Server: 주문 수신 서버 시작. 포트: 8081
[TRACE] [2025-02-04 14:54:02] Server: 소켓 생성 성공. 소켓 번호: 4
[TRACE] [2025-02-04 14:54:02] Server: 클라이언트 연결 대기 중...
[TRACE] [2025-02-04 14:54:44] Server: 메시지 큐 생성 완료 (ID: 52)
[TRACE] [2025-02-04 14:54:44] Server: 주문 수신 서버 시작. 포트: 8081
[TRACE] [2025-02-04 14:54:44] Server: 소켓 생성 성공. 소켓 번호: 4
[TRACE] [2025-02-04 14:54:44] Server: 클라이언트 연결 대기 중...
[TRACE] [2025-02-04 14:58:36] Server: 메시지 큐 생성 완료 (ID: 52)
[TRACE] [2025-02-04 14:58:36] Server: 주문 수신 서버 시작. 포트: 8081
[TRACE] [2025-02-04 14:58:36] Server: 소켓 생성 성공. 소켓 번호: 4
[TRACE] [2025-02-04 14:58:36] Server: 클라이언트 연결 대기 중...
[TRACE] [2025-02-04 14:58:41] Server: 클라이언트 연결됨. 소켓 번호: 5
[INFO] [2025-02-04 14:58:41] OrderProcessor: 주문 수신 - 종목: 000660, 거래코드: 999999, 유저: user01, 수량: 1, 가격: 142100
[TRACE] [msgsnd() 성공: %s, 수량 %d, 가격 %d] MessageQueue
[TRACE] [2025-02-04 14:58:41] Server: 클라이언트 연결 종료
[TRACE] [2025-02-04 14:59:12] Server: 클라이언트 연결됨. 소켓 번호: 5
[INFO] [2025-02-04 14:59:12] OrderProcessor: 주문 수신 - 종목: 000660, 거래코드: 999998, 유저: user01, 수량: 1, 가격: 142100
[TRACE] [msgsnd() 성공: %s, 수량 %d, 가격 %d] MessageQueue
[TRACE] [2025-02-04 14:59:12] Server: 클라이언트 연결 종료
